<?xml version="1.0" encoding="UTF-8"?>
<!-- Generated by org.testng.reporters.JUnitReportReporter -->
<testsuite hostname="Ranjani" failures="0" tests="1" name="com.tutorialopencart.tests.Login" time="9.808" errors="0" timestamp="2024-08-07T21:24:44 EDT" skipped="0">
  <testcase classname="com.tutorialopencart.tests.Login" name="loginValidcredential" time="9.808"/>
</testsuite> <!-- com.tutorialopencart.tests.Login -->
