<?xml version="1.0" encoding="UTF-8"?>
<!-- Generated by org.testng.reporters.JUnitReportReporter -->
<testsuite hostname="Ranjani" failures="0" tests="1" name="com.tutorialopencart.qa.testcases.Login" time="7.128" errors="0" timestamp="2024-08-08T18:30:24 EDT" skipped="0">
  <testcase classname="com.tutorialopencart.qa.testcases.Login" name="loginWithoutCredential" time="7.128"/>
</testsuite> <!-- com.tutorialopencart.qa.testcases.Login -->
