<?xml version="1.0" encoding="UTF-8"?>
<!-- Generated by org.testng.reporters.JUnitReportReporter -->
<testsuite hostname="Ranjani" failures="0" tests="5" name="com.tutorialopencart.qa.testcases.LoginTest" time="46.883" errors="0" timestamp="2024-09-22T08:11:35 EDT" skipped="0">
  <testcase classname="com.tutorialopencart.qa.testcases.LoginTest" name="loginWithoutCredential" time="9.569"/>
  <testcase classname="com.tutorialopencart.qa.testcases.LoginTest" name="loginInvalidcredential" time="9.001"/>
  <testcase classname="com.tutorialopencart.qa.testcases.LoginTest" name="loginInvalidUsername" time="9.748"/>
  <testcase classname="com.tutorialopencart.qa.testcases.LoginTest" name="loginValidcredential" time="9.629"/>
  <testcase classname="com.tutorialopencart.qa.testcases.LoginTest" name="loginInvalidPassword" time="8.936"/>
</testsuite> <!-- com.tutorialopencart.qa.testcases.LoginTest -->
